2019-06-04 12:14:55,942 DEBUG    root            No implementation for release track [GA] for element: [/usr/lib/google-cloud-sdk/lib/surface/tasks]
2019-06-04 12:14:55,943 DEBUG    root            Loaded Command Group: [u'gcloud', u'feedback']
2019-06-04 12:14:55,944 DEBUG    root            Loaded Command Group: [u'gcloud', u'app']
2019-06-04 12:14:55,945 DEBUG    root            No implementation for release track [GA] for element: [/usr/lib/google-cloud-sdk/lib/surface/access_context_manager]
2019-06-04 12:14:55,946 DEBUG    root            Loaded Command Group: [u'gcloud', u'services']
2019-06-04 12:14:55,947 DEBUG    root            Loaded Command Group: [u'gcloud', u'meta']
2019-06-04 12:14:55,948 DEBUG    root            Loaded Command Group: [u'gcloud', u'composer']
2019-06-04 12:14:55,949 DEBUG    root            Loaded Command Group: [u'gcloud', u'datastore']
2019-06-04 12:14:55,950 DEBUG    root            Loaded Command Group: [u'gcloud', u'help']
2019-06-04 12:14:55,951 DEBUG    root            Loaded Command Group: [u'gcloud', u'iam']
2019-06-04 12:14:55,952 DEBUG    root            No implementation for release track [GA] for element: [/usr/lib/google-cloud-sdk/lib/surface/genomics]
2019-06-04 12:14:55,953 DEBUG    root            Loaded Command Group: [u'gcloud', u'functions']
2019-06-04 12:14:55,956 DEBUG    root            Loaded Command Group: [u'gcloud', u'container']
2019-06-04 12:14:55,957 DEBUG    root            No implementation for release track [GA] for element: [/usr/lib/google-cloud-sdk/lib/surface/billing]
2019-06-04 12:14:55,957 DEBUG    root            No implementation for release track [GA] for element: [/usr/lib/google-cloud-sdk/lib/surface/redis]
2019-06-04 12:14:55,958 DEBUG    root            Loaded Command Group: [u'gcloud', u'source']
2019-06-04 12:14:55,961 DEBUG    root            Loaded Command Group: [u'gcloud', u'init']
2019-06-04 12:14:55,962 DEBUG    root            No implementation for release track [GA] for element: [/usr/lib/google-cloud-sdk/lib/surface/dlp]
2019-06-04 12:14:55,962 DEBUG    root            Loaded Command Group: [u'gcloud', u'kms']
2019-06-04 12:14:55,963 DEBUG    root            No implementation for release track [GA] for element: [/usr/lib/google-cloud-sdk/lib/surface/bigtable]
2019-06-04 12:14:55,964 DEBUG    root            Loaded Command Group: [u'gcloud', u'dns']
2019-06-04 12:14:55,965 DEBUG    root            Loaded Command Group: [u'gcloud', u'config']
2019-06-04 12:14:55,966 DEBUG    root            No implementation for release track [GA] for element: [/usr/lib/google-cloud-sdk/lib/surface/resources]
2019-06-04 12:14:55,967 DEBUG    root            No implementation for release track [GA] for element: [/usr/lib/google-cloud-sdk/lib/surface/cloud_shell]
2019-06-04 12:14:55,967 DEBUG    root            Loaded Command Group: [u'gcloud', u'info']
2019-06-04 12:14:56,034 DEBUG    root            No implementation for release track [GA] for element: [/usr/lib/google-cloud-sdk/lib/surface/interactive]
2019-06-04 12:14:56,034 DEBUG    root            Loaded Command Group: [u'gcloud', u'components']
2019-06-04 12:14:56,036 DEBUG    root            Loaded Command Group: [u'gcloud', u'organizations']
2019-06-04 12:14:56,037 DEBUG    root            Loaded Command Group: [u'gcloud', u'dataproc']
2019-06-04 12:14:56,047 DEBUG    root            Loaded Command Group: [u'gcloud', u'ml_engine']
2019-06-04 12:14:56,049 DEBUG    root            Loaded Command Group: [u'gcloud', u'iot']
2019-06-04 12:14:56,052 DEBUG    root            No implementation for release track [GA] for element: [/usr/lib/google-cloud-sdk/lib/surface/emulators]
2019-06-04 12:14:56,052 DEBUG    root            Loaded Command Group: [u'gcloud', u'auth']
2019-06-04 12:14:56,054 DEBUG    root            Loaded Command Group: [u'gcloud', u'debug']
2019-06-04 12:14:56,055 DEBUG    root            Loaded Command Group: [u'gcloud', u'firebase']
2019-06-04 12:14:56,056 DEBUG    root            No implementation for release track [GA] for element: [/usr/lib/google-cloud-sdk/lib/surface/category_manager]
2019-06-04 12:14:56,056 DEBUG    root            No implementation for release track [GA] for element: [/usr/lib/google-cloud-sdk/lib/surface/scheduler]
2019-06-04 12:14:56,056 DEBUG    root            Loaded Command Group: [u'gcloud', u'sql']
2019-06-04 12:14:56,058 DEBUG    root            Loaded Command Group: [u'gcloud', u'spanner']
2019-06-04 12:14:56,059 DEBUG    root            No implementation for release track [GA] for element: [/usr/lib/google-cloud-sdk/lib/surface/monitoring]
2019-06-04 12:14:56,059 DEBUG    root            Loaded Command Group: [u'gcloud', u'version']
2019-06-04 12:14:56,060 DEBUG    root            Loaded Command Group: [u'gcloud', u'projects']
2019-06-04 12:14:56,061 DEBUG    root            No implementation for release track [GA] for element: [/usr/lib/google-cloud-sdk/lib/surface/resource_manager]
2019-06-04 12:14:56,061 DEBUG    root            Loaded Command Group: [u'gcloud', u'topic']
2019-06-04 12:14:56,063 DEBUG    root            Loaded Command Group: [u'gcloud', u'logging']
2019-06-04 12:14:56,064 DEBUG    root            Loaded Command Group: [u'gcloud', u'builds']
2019-06-04 12:14:56,065 DEBUG    root            Loaded Command Group: [u'gcloud', u'service_management']
2019-06-04 12:14:56,066 DEBUG    root            Loaded Command Group: [u'gcloud', u'dataflow']
2019-06-04 12:14:56,067 DEBUG    root            Loaded Command Group: [u'gcloud', u'ml']
2019-06-04 12:14:56,069 DEBUG    root            No implementation for release track [GA] for element: [/usr/lib/google-cloud-sdk/lib/surface/runtime_config]
2019-06-04 12:14:56,069 DEBUG    root            No implementation for release track [GA] for element: [/usr/lib/google-cloud-sdk/lib/surface/search_help]
2019-06-04 12:14:56,070 DEBUG    root            No implementation for release track [GA] for element: [/usr/lib/google-cloud-sdk/lib/surface/error_reporting]
2019-06-04 12:14:56,070 DEBUG    root            Loaded Command Group: [u'gcloud', u'domains']
2019-06-04 12:14:56,071 DEBUG    root            No implementation for release track [GA] for element: [/usr/lib/google-cloud-sdk/lib/surface/filestore]
2019-06-04 12:14:56,073 DEBUG    root            Loaded Command Group: [u'gcloud', u'docker']
2019-06-04 12:14:56,074 DEBUG    root            Loaded Command Group: [u'gcloud', u'endpoints']
2019-06-04 12:14:56,075 DEBUG    root            Loaded Command Group: [u'gcloud', u'pubsub']
2019-06-04 12:14:56,076 DEBUG    root            Loaded Command Group: [u'gcloud', u'deployment_manager']
2019-06-04 12:14:56,078 ERROR    root            (gcloud) Invalid choice: 'login'. Did you mean 'logging'?
