2019-06-04 12:19:38,799 DEBUG    root            Loaded Command Group: [u'gcloud', u'container']
2019-06-04 12:19:38,801 DEBUG    root            Loaded Command Group: [u'gcloud', u'container', u'clusters']
2019-06-04 12:19:38,803 DEBUG    root            Loaded Command Group: [u'gcloud', u'container', u'clusters', u'create']
2019-06-04 12:19:38,872 DEBUG    root            Running [gcloud.container.clusters.create] with arguments: [--num-nodes: "2", --region: "europe-west6", NAME: "kubeclust"]
2019-06-04 12:19:38,877 WARNING  root            Accessing a Kubernetes Engine cluster requires the kubernetes commandline
client [kubectl]. To install, run
  $ gcloud components install kubectl

2019-06-04 12:19:38,882 WARNING  root            Starting in 1.12, new clusters will have basic authentication disabled by default. Basic authentication can be enabled (or disabled) manually using the `--[no-]enable-basic-auth` flag.
2019-06-04 12:19:38,882 WARNING  root            Starting in 1.12, new clusters will not have a client certificate issued. You can manually enable (or disable) the issuance of the client certificate using the `--[no-]issue-client-certificate` flag.
2019-06-04 12:19:38,882 WARNING  root            Currently VPC-native is not the default mode during cluster creation. In the future, this will become the default mode and can be disabled using `--no-enable-ip-alias` flag. Use `--[no-]enable-ip-alias` flag to suppress this warning.
2019-06-04 12:19:38,883 INFO     ___FILE_ONLY___ This will enable the autorepair feature for nodes. Please see
https://cloud.google.com/kubernetes-engine/docs/node-auto-repair for more
information on node autorepairs.


2019-06-04 12:19:38,883 WARNING  root            Starting in Kubernetes v1.10, new clusters will no longer get compute-rw and storage-ro scopes added to what is specified in --scopes (though the latter will remain included in the default --scopes). To use these scopes, add them explicitly to --scopes. To use the new behavior, set container/new_scopes_behavior property (gcloud config set container/new_scopes_behavior true).
2019-06-04 12:19:43,246 INFO     ___FILE_ONLY___ Creating cluster kubeclust...
2019-06-04 12:22:35,012 INFO     root            Operation <Operation
 endTime: u'2019-06-04T12:22:31.590159734Z'
 name: u'operation-1559650783221-cd2a7a51'
 operationType: OperationTypeValueValuesEnum(CREATE_CLUSTER, 1)
 selfLink: u'https://container.googleapis.com/v1/projects/341002986735/locations/europe-west6/operations/operation-1559650783221-cd2a7a51'
 startTime: u'2019-06-04T12:19:43.221306972Z'
 status: StatusValueValuesEnum(DONE, 3)
 targetLink: u'https://container.googleapis.com/v1/projects/341002986735/locations/europe-west6/clusters/kubeclust'
 zone: u'europe-west6'> succeeded after 171.766 seconds
2019-06-04 12:22:35,508 INFO     ___FILE_ONLY___ Created [https://container.googleapis.com/v1/projects/projectalpha-242610/zones/europe-west6/clusters/kubeclust].

2019-06-04 12:22:35,509 INFO     ___FILE_ONLY___ To inspect the contents of your cluster, go to: https://console.cloud.google.com/kubernetes/workload_/gcloud/europe-west6/kubeclust?project=projectalpha-242610

2019-06-04 12:22:35,509 DEBUG    root            unable to load default kubeconfig: unable to load kubeconfig for /home/smellmcguy/.kube/config: Unable to read file [/home/smellmcguy/.kube/config]: [Errno 2] No such file or directory: '/home/smellmcguy/.kube/config'; recreating /home/smellmcguy/.kube/config
2019-06-04 12:22:35,516 DEBUG    root            Saved kubeconfig to /home/smellmcguy/.kube/config
2019-06-04 12:22:35,516 INFO     ___FILE_ONLY___ kubeconfig entry generated for kubeclust.

2019-06-04 12:22:35,518 INFO     root            Display format: "
    table(
        name,
        zone:label=LOCATION,
        master_version():label=MASTER_VERSION,
        endpoint:label=MASTER_IP,
        nodePools[0].config.machineType,
        currentNodeVersion:label=NODE_VERSION,
        firstof(currentNodeCount,initialNodeCount):label=NUM_NODES,
        status
    )
"
2019-06-04 12:22:35,521 INFO     ___FILE_ONLY___ NAME
2019-06-04 12:22:35,521 INFO     ___FILE_ONLY___        
2019-06-04 12:22:35,521 INFO     ___FILE_ONLY___ LOCATION
2019-06-04 12:22:35,522 INFO     ___FILE_ONLY___       
2019-06-04 12:22:35,522 INFO     ___FILE_ONLY___ MASTER_VERSION
2019-06-04 12:22:35,522 INFO     ___FILE_ONLY___   
2019-06-04 12:22:35,522 INFO     ___FILE_ONLY___ MASTER_IP
2019-06-04 12:22:35,522 INFO     ___FILE_ONLY___       
2019-06-04 12:22:35,522 INFO     ___FILE_ONLY___ MACHINE_TYPE
2019-06-04 12:22:35,522 INFO     ___FILE_ONLY___    
2019-06-04 12:22:35,522 INFO     ___FILE_ONLY___ NODE_VERSION
2019-06-04 12:22:35,522 INFO     ___FILE_ONLY___    
2019-06-04 12:22:35,522 INFO     ___FILE_ONLY___ NUM_NODES
2019-06-04 12:22:35,522 INFO     ___FILE_ONLY___   
2019-06-04 12:22:35,522 INFO     ___FILE_ONLY___ STATUS
2019-06-04 12:22:35,522 INFO     ___FILE_ONLY___ 

2019-06-04 12:22:35,522 INFO     ___FILE_ONLY___ kubeclust
2019-06-04 12:22:35,522 INFO     ___FILE_ONLY___   
2019-06-04 12:22:35,523 INFO     ___FILE_ONLY___ europe-west6
2019-06-04 12:22:35,523 INFO     ___FILE_ONLY___   
2019-06-04 12:22:35,523 INFO     ___FILE_ONLY___ 1.12.7-gke.10
2019-06-04 12:22:35,523 INFO     ___FILE_ONLY___    
2019-06-04 12:22:35,523 INFO     ___FILE_ONLY___ 34.65.222.197
2019-06-04 12:22:35,523 INFO     ___FILE_ONLY___   
2019-06-04 12:22:35,523 INFO     ___FILE_ONLY___ n1-standard-1
2019-06-04 12:22:35,523 INFO     ___FILE_ONLY___   
2019-06-04 12:22:35,523 INFO     ___FILE_ONLY___ 1.12.7-gke.10
2019-06-04 12:22:35,523 INFO     ___FILE_ONLY___   
2019-06-04 12:22:35,523 INFO     ___FILE_ONLY___ 6
2019-06-04 12:22:35,523 INFO     ___FILE_ONLY___           
2019-06-04 12:22:35,523 INFO     ___FILE_ONLY___ RUNNING
2019-06-04 12:22:35,523 INFO     ___FILE_ONLY___ 

2019-06-04 12:22:35,524 DEBUG    root            SDK update checks are disabled.
