2019-06-04 12:15:06,075 DEBUG    root            Running [gcloud] with arguments: [--help: "None"]
2019-06-04 12:15:06,076 DEBUG    root            No implementation for release track [GA] for element: [/usr/lib/google-cloud-sdk/lib/surface/tasks]
2019-06-04 12:15:06,077 DEBUG    root            Loaded Command Group: [u'gcloud', u'feedback']
2019-06-04 12:15:06,078 DEBUG    root            Loaded Command Group: [u'gcloud', u'app']
2019-06-04 12:15:06,080 DEBUG    root            No implementation for release track [GA] for element: [/usr/lib/google-cloud-sdk/lib/surface/access_context_manager]
2019-06-04 12:15:06,080 DEBUG    root            Loaded Command Group: [u'gcloud', u'services']
2019-06-04 12:15:06,081 DEBUG    root            Loaded Command Group: [u'gcloud', u'meta']
2019-06-04 12:15:06,082 DEBUG    root            Loaded Command Group: [u'gcloud', u'composer']
2019-06-04 12:15:06,083 DEBUG    root            Loaded Command Group: [u'gcloud', u'datastore']
2019-06-04 12:15:06,084 DEBUG    root            Loaded Command Group: [u'gcloud', u'help']
2019-06-04 12:15:06,085 DEBUG    root            Loaded Command Group: [u'gcloud', u'iam']
2019-06-04 12:15:06,086 DEBUG    root            No implementation for release track [GA] for element: [/usr/lib/google-cloud-sdk/lib/surface/genomics]
2019-06-04 12:15:06,087 DEBUG    root            Loaded Command Group: [u'gcloud', u'functions']
2019-06-04 12:15:06,090 DEBUG    root            Loaded Command Group: [u'gcloud', u'container']
2019-06-04 12:15:06,091 DEBUG    root            No implementation for release track [GA] for element: [/usr/lib/google-cloud-sdk/lib/surface/billing]
2019-06-04 12:15:06,091 DEBUG    root            No implementation for release track [GA] for element: [/usr/lib/google-cloud-sdk/lib/surface/redis]
2019-06-04 12:15:06,091 DEBUG    root            Loaded Command Group: [u'gcloud', u'source']
2019-06-04 12:15:06,094 DEBUG    root            Loaded Command Group: [u'gcloud', u'init']
2019-06-04 12:15:06,095 DEBUG    root            No implementation for release track [GA] for element: [/usr/lib/google-cloud-sdk/lib/surface/dlp]
2019-06-04 12:15:06,096 DEBUG    root            Loaded Command Group: [u'gcloud', u'kms']
2019-06-04 12:15:06,097 DEBUG    root            No implementation for release track [GA] for element: [/usr/lib/google-cloud-sdk/lib/surface/bigtable]
2019-06-04 12:15:06,097 DEBUG    root            Loaded Command Group: [u'gcloud', u'dns']
2019-06-04 12:15:06,099 DEBUG    root            Loaded Command Group: [u'gcloud', u'config']
2019-06-04 12:15:06,100 DEBUG    root            No implementation for release track [GA] for element: [/usr/lib/google-cloud-sdk/lib/surface/resources]
2019-06-04 12:15:06,100 DEBUG    root            No implementation for release track [GA] for element: [/usr/lib/google-cloud-sdk/lib/surface/cloud_shell]
2019-06-04 12:15:06,100 DEBUG    root            Loaded Command Group: [u'gcloud', u'info']
2019-06-04 12:15:06,156 DEBUG    root            No implementation for release track [GA] for element: [/usr/lib/google-cloud-sdk/lib/surface/interactive]
2019-06-04 12:15:06,157 DEBUG    root            Loaded Command Group: [u'gcloud', u'components']
2019-06-04 12:15:06,159 DEBUG    root            Loaded Command Group: [u'gcloud', u'organizations']
2019-06-04 12:15:06,160 DEBUG    root            Loaded Command Group: [u'gcloud', u'dataproc']
2019-06-04 12:15:06,169 DEBUG    root            Loaded Command Group: [u'gcloud', u'ml_engine']
2019-06-04 12:15:06,170 DEBUG    root            Loaded Command Group: [u'gcloud', u'iot']
2019-06-04 12:15:06,172 DEBUG    root            No implementation for release track [GA] for element: [/usr/lib/google-cloud-sdk/lib/surface/emulators]
2019-06-04 12:15:06,173 DEBUG    root            Loaded Command Group: [u'gcloud', u'auth']
2019-06-04 12:15:06,174 DEBUG    root            Loaded Command Group: [u'gcloud', u'debug']
2019-06-04 12:15:06,175 DEBUG    root            Loaded Command Group: [u'gcloud', u'firebase']
2019-06-04 12:15:06,176 DEBUG    root            No implementation for release track [GA] for element: [/usr/lib/google-cloud-sdk/lib/surface/category_manager]
2019-06-04 12:15:06,176 DEBUG    root            No implementation for release track [GA] for element: [/usr/lib/google-cloud-sdk/lib/surface/scheduler]
2019-06-04 12:15:06,177 DEBUG    root            Loaded Command Group: [u'gcloud', u'sql']
2019-06-04 12:15:06,178 DEBUG    root            Loaded Command Group: [u'gcloud', u'spanner']
2019-06-04 12:15:06,179 DEBUG    root            No implementation for release track [GA] for element: [/usr/lib/google-cloud-sdk/lib/surface/monitoring]
2019-06-04 12:15:06,179 DEBUG    root            Loaded Command Group: [u'gcloud', u'version']
2019-06-04 12:15:06,180 DEBUG    root            Loaded Command Group: [u'gcloud', u'projects']
2019-06-04 12:15:06,181 DEBUG    root            No implementation for release track [GA] for element: [/usr/lib/google-cloud-sdk/lib/surface/resource_manager]
2019-06-04 12:15:06,182 DEBUG    root            Loaded Command Group: [u'gcloud', u'topic']
2019-06-04 12:15:06,183 DEBUG    root            Loaded Command Group: [u'gcloud', u'logging']
2019-06-04 12:15:06,184 DEBUG    root            Loaded Command Group: [u'gcloud', u'builds']
2019-06-04 12:15:06,185 DEBUG    root            Loaded Command Group: [u'gcloud', u'service_management']
2019-06-04 12:15:06,186 DEBUG    root            Loaded Command Group: [u'gcloud', u'dataflow']
2019-06-04 12:15:06,188 DEBUG    root            Loaded Command Group: [u'gcloud', u'ml']
2019-06-04 12:15:06,189 DEBUG    root            No implementation for release track [GA] for element: [/usr/lib/google-cloud-sdk/lib/surface/runtime_config]
2019-06-04 12:15:06,189 DEBUG    root            No implementation for release track [GA] for element: [/usr/lib/google-cloud-sdk/lib/surface/search_help]
2019-06-04 12:15:06,190 DEBUG    root            No implementation for release track [GA] for element: [/usr/lib/google-cloud-sdk/lib/surface/error_reporting]
2019-06-04 12:15:06,190 DEBUG    root            Loaded Command Group: [u'gcloud', u'domains']
2019-06-04 12:15:06,191 DEBUG    root            No implementation for release track [GA] for element: [/usr/lib/google-cloud-sdk/lib/surface/filestore]
2019-06-04 12:15:06,193 DEBUG    root            Loaded Command Group: [u'gcloud', u'docker']
2019-06-04 12:15:06,194 DEBUG    root            Loaded Command Group: [u'gcloud', u'endpoints']
2019-06-04 12:15:06,195 DEBUG    root            Loaded Command Group: [u'gcloud', u'pubsub']
2019-06-04 12:15:06,196 DEBUG    root            Loaded Command Group: [u'gcloud', u'deployment_manager']
2019-06-04 12:15:06,205 DEBUG    root            Loaded Command Group: [u'gcloud', u'topic', u'formats']
2019-06-04 12:15:06,208 DEBUG    root            Loaded Command Group: [u'gcloud', u'topic', u'configurations']
2019-06-04 12:15:06,222 INFO     ___FILE_ONLY___ [m[1mNAME[m
    gcloud - manage Google Cloud Platform resources and developer workflow

[m[1mSYNOPSIS[m
    [1mgcloud[m [4mGROUP[m | [4mCOMMAND[m [[1m--account[m=[4mACCOUNT[m] [[1m--configuration[m=[4mCONFIGURATION[m]
        [[1m--flatten[m=[[4mKEY[m,...]] [[1m--format[m=[4mFORMAT[m] [[1m--help[m] [[1m--project[m=[4mPROJECT_ID[m]
        [[1m--quiet[m, [1m-q[m] [[1m--verbosity[m=[4mVERBOSITY[m; default="warning"]
        [[1m--version[m, [1m-v[m] [[1m-h[m] [[1m--log-http[m] [[1m--trace-token[m=[4mTRACE_TOKEN[m]
        [[1m--no-user-output-enabled[m]

[m[1mDESCRIPTION[m
    The [1mgcloud[m CLI manages authentication, local configuration, developer
    workflow, and interactions with the Google Cloud Platform APIs.

[m[1mGLOBAL FLAGS[m
     [1m--account[m=[4mACCOUNT[m
        Google Cloud Platform user account to use for invocation. Overrides the
        default [1mcore/account[m property value for this command invocation.

     [1m--configuration[m=[4mCONFIGURATION[m
        The configuration to use for this command invocation. For more
        information on how to use configurations, run: [1mgcloud topic
        configurations[m. You can also use the [CLOUDSDK_ACTIVE_CONFIG_NAME]
        environment variable to set the equivalent of this flag for a terminal
        session.

     [1m--flatten[m=[[4mKEY[m,...]
        Flatten [4mname[m[] output resource slices in [4mKEY[m into separate records for
        each item in each slice. Multiple keys and slices may be specified.
        This also flattens keys for [1m--format[m and [1m--filter[m. For example,
        [1m--flatten=abc.def[m flattens [1mabc.def[].ghi[m references to [1mabc.def.ghi[m. A
        resource record containing [1mabc.def[][m with N elements will expand to N
        records in the flattened output. This flag interacts with other flags
        that are applied in this order: [1m--flatten[m, [1m--sort-by[m, [1m--filter[m,
        [1m--limit[m.

     [1m--format[m=[4mFORMAT[m
        Set the format for printing command output resources. The default is a
        command-specific human-friendly output format. The supported formats
        are: [1mconfig[m, [1mcsv[m, [1mdefault[m, [1mdiff[m, [1mdisable[m, [1mflattened[m, [1mget[m, [1mjson[m, [1mlist[m,
        [1mmulti[m, [1mnone[m, [1mobject[m, [1mtable[m, [1mtext[m, [1mvalue[m, [1myaml[m. For more details run $
        gcloud topic formats.

     [1m--help[m
        Display detailed help.

     [1m--project[m=[4mPROJECT_ID[m
        The Google Cloud Platform project name to use for this invocation. If
        omitted, then the current project is assumed; the current project can
        be listed using [1mgcloud config list --format='text(core.project)'[m and
        can be set using [1mgcloud config set project PROJECTID[m. Overrides the
        default [1mcore/project[m property value for this command invocation.

     [1m--quiet[m, [1m-q[m
        Disable all interactive prompts when running gcloud commands. If input
        is required, defaults will be used, or an error will be raised.
        Overrides the default core/disable_prompts property value for this
        command invocation. Must be used at the beginning of commands. This is
        equivalent to setting the environment variable
        [1mCLOUDSDK_CORE_DISABLE_PROMPTS[m to 1.

     [1m--verbosity[m=[4mVERBOSITY[m; default="warning"
        Override the default verbosity for this command with any of the
        supported standard verbosity levels: [1mdebug[m, [1minfo[m, [1mwarning[m, [1merror[m,
        [1mcritical[m, [1mnone[m. Overrides the default [1mcore/verbosity[m property value for
        this command invocation.

     [1m--version[m, [1m-v[m
        Print version information and exit. This flag is only available at the
        global level.

     [1m-h[m
        Print a summary help and exit.

[m[1mOTHER FLAGS[m
     [1m--log-http[m
        Log all HTTP server requests and responses to stderr. Overrides the
        default [1mcore/log_http[m property value for this command invocation.

     [1m--trace-token[m=[4mTRACE_TOKEN[m
        Token used to route traces of service requests for investigation of
        issues. Overrides the default [1mcore/trace_token[m property value for this
        command invocation.

     [1m--user-output-enabled[m
        Print user intended output to the console. Overrides the default
        [1mcore/user_output_enabled[m property value for this command invocation.
        Use [1m--no-user-output-enabled[m to disable.

[m[1mGROUPS[m
    [1m[1;4mGROUP[1m[m is one of the following:

     [1malpha[m
        [1m(ALPHA)[m Alpha versions of gcloud commands.

     [1mapp[m
        Manage your App Engine deployments.

     [1mauth[m
        Manage oauth2 credentials for the Google Cloud SDK.

     [1mbeta[m
        [1m(BETA)[m Beta versions of gcloud commands.

     [1mbuilds[m
        Create and manage builds for Google Cloud Build.

     [1mcomponents[m
        List, install, update, or remove Google Cloud SDK components.

     [1mcomposer[m
        Create and manage Cloud Composer Environments.

     [1mcompute[m
        Create and manipulate Google Compute Engine resources.

     [1mconfig[m
        View and edit Cloud SDK properties.

     [1mcontainer[m
        Deploy and manage clusters of machines for running containers.

     [1mdataflow[m
        Manage Google Cloud Dataflow jobs.

     [1mdataproc[m
        Create and manage Google Cloud Dataproc clusters and jobs.

     [1mdatastore[m
        Manage your Cloud Datastore indexes.

     [1mdebug[m
        Commands for interacting with the Cloud Debugger.

     [1mdeployment-manager[m
        Manage deployments of cloud resources.

     [1mdns[m
        Manage your Cloud DNS managed-zones and record-sets.

     [1mdomains[m
        Manage domains for your Google Cloud projects.

     [1mendpoints[m
        Create, enable and manage API services.

     [1mfirebase[m
        Work with Google Firebase.

     [1mfunctions[m
        Manage Google Cloud Functions.

     [1miam[m
        Manage IAM service accounts and keys.

     [1miot[m
        Manage Cloud IoT resources.

     [1mkms[m
        Manage cryptographic keys in the cloud.

     [1mlogging[m
        Manage Stackdriver Logging.

     [1mml[m
        Use Google Cloud machine learning capabilities.

     [1mml-engine[m
        Manage Cloud ML Engine jobs and models.

     [1morganizations[m
        Create and manage Google Cloud Platform Organizations.

     [1mprojects[m
        Create and manage project access policies.

     [1mpubsub[m
        Manage Cloud Pub/Sub topics and subscriptions.

     [1mservices[m
        List, enable and disable APIs and services.

     [1msource[m
        Cloud git repository commands.

     [1mspanner[m
        Command groups for Cloud Spanner.

     [1msql[m
        Manage Cloud SQL databases.

     [1mtopic[m
        gcloud supplementary help.

[m[1mCOMMANDS[m
    [1m[1;4mCOMMAND[1m[m is one of the following:

     [1mdocker[m
        [1m(DEPRECATED)[m Enable Docker CLI access to Google Container Registry.

     [1mfeedback[m
        Provide feedback to the Google Cloud SDK team.

     [1mhelp[m
        Prints detailed help messages for the specified commands.

     [1minfo[m
        Display information about the current gcloud environment.

     [1minit[m
        Initialize or reinitialize gcloud.

     [1mversion[m
        Print version information for Cloud SDK components.
[m
2019-06-04 12:15:12,914 INFO     ___FILE_ONLY___ 

Command killed by keyboard interrupt


