2019-06-04 12:13:49,838 DEBUG    root            No implementation for release track [GA] for element: [/usr/lib/google-cloud-sdk/lib/surface/tasks]
2019-06-04 12:13:49,845 DEBUG    root            Loaded Command Group: [u'gcloud', u'feedback']
2019-06-04 12:13:49,852 DEBUG    root            Loaded Command Group: [u'gcloud', u'app']
2019-06-04 12:13:49,860 DEBUG    root            No implementation for release track [GA] for element: [/usr/lib/google-cloud-sdk/lib/surface/access_context_manager]
2019-06-04 12:13:49,862 DEBUG    root            Loaded Command Group: [u'gcloud', u'services']
2019-06-04 12:13:49,866 DEBUG    root            Loaded Command Group: [u'gcloud', u'meta']
2019-06-04 12:13:49,872 DEBUG    root            Loaded Command Group: [u'gcloud', u'composer']
2019-06-04 12:13:49,876 DEBUG    root            Loaded Command Group: [u'gcloud', u'datastore']
2019-06-04 12:13:49,880 DEBUG    root            Loaded Command Group: [u'gcloud', u'help']
2019-06-04 12:13:49,882 DEBUG    root            Loaded Command Group: [u'gcloud', u'iam']
2019-06-04 12:13:49,886 DEBUG    root            No implementation for release track [GA] for element: [/usr/lib/google-cloud-sdk/lib/surface/genomics]
2019-06-04 12:13:49,890 DEBUG    root            Loaded Command Group: [u'gcloud', u'functions']
2019-06-04 12:13:49,895 DEBUG    root            Loaded Command Group: [u'gcloud', u'container']
2019-06-04 12:13:49,898 DEBUG    root            No implementation for release track [GA] for element: [/usr/lib/google-cloud-sdk/lib/surface/billing]
2019-06-04 12:13:49,899 DEBUG    root            No implementation for release track [GA] for element: [/usr/lib/google-cloud-sdk/lib/surface/redis]
2019-06-04 12:13:49,900 DEBUG    root            Loaded Command Group: [u'gcloud', u'source']
2019-06-04 12:13:49,916 DEBUG    root            Loaded Command Group: [u'gcloud', u'init']
2019-06-04 12:13:49,919 DEBUG    root            No implementation for release track [GA] for element: [/usr/lib/google-cloud-sdk/lib/surface/dlp]
2019-06-04 12:13:49,921 DEBUG    root            Loaded Command Group: [u'gcloud', u'kms']
2019-06-04 12:13:49,926 DEBUG    root            No implementation for release track [GA] for element: [/usr/lib/google-cloud-sdk/lib/surface/bigtable]
2019-06-04 12:13:49,927 DEBUG    root            Loaded Command Group: [u'gcloud', u'dns']
2019-06-04 12:13:49,934 DEBUG    root            Loaded Command Group: [u'gcloud', u'config']
2019-06-04 12:13:49,937 DEBUG    root            No implementation for release track [GA] for element: [/usr/lib/google-cloud-sdk/lib/surface/resources]
2019-06-04 12:13:49,938 DEBUG    root            No implementation for release track [GA] for element: [/usr/lib/google-cloud-sdk/lib/surface/cloud_shell]
2019-06-04 12:13:49,940 DEBUG    root            Loaded Command Group: [u'gcloud', u'info']
2019-06-04 12:13:50,130 DEBUG    root            No implementation for release track [GA] for element: [/usr/lib/google-cloud-sdk/lib/surface/interactive]
2019-06-04 12:13:50,132 DEBUG    root            Loaded Command Group: [u'gcloud', u'components']
2019-06-04 12:13:50,135 DEBUG    root            Loaded Command Group: [u'gcloud', u'organizations']
2019-06-04 12:13:50,138 DEBUG    root            Loaded Command Group: [u'gcloud', u'dataproc']
2019-06-04 12:13:50,171 DEBUG    root            Loaded Command Group: [u'gcloud', u'ml_engine']
2019-06-04 12:13:50,178 DEBUG    root            Loaded Command Group: [u'gcloud', u'iot']
2019-06-04 12:13:50,184 DEBUG    root            No implementation for release track [GA] for element: [/usr/lib/google-cloud-sdk/lib/surface/emulators]
2019-06-04 12:13:50,185 DEBUG    root            Loaded Command Group: [u'gcloud', u'auth']
2019-06-04 12:13:50,190 DEBUG    root            Loaded Command Group: [u'gcloud', u'debug']
2019-06-04 12:13:50,196 DEBUG    root            Loaded Command Group: [u'gcloud', u'firebase']
2019-06-04 12:13:50,199 DEBUG    root            No implementation for release track [GA] for element: [/usr/lib/google-cloud-sdk/lib/surface/category_manager]
2019-06-04 12:13:50,200 DEBUG    root            No implementation for release track [GA] for element: [/usr/lib/google-cloud-sdk/lib/surface/scheduler]
2019-06-04 12:13:50,202 DEBUG    root            Loaded Command Group: [u'gcloud', u'sql']
2019-06-04 12:13:50,212 DEBUG    root            Loaded Command Group: [u'gcloud', u'spanner']
2019-06-04 12:13:50,219 DEBUG    root            No implementation for release track [GA] for element: [/usr/lib/google-cloud-sdk/lib/surface/monitoring]
2019-06-04 12:13:50,221 DEBUG    root            Loaded Command Group: [u'gcloud', u'version']
2019-06-04 12:13:50,223 DEBUG    root            Loaded Command Group: [u'gcloud', u'projects']
2019-06-04 12:13:50,225 DEBUG    root            No implementation for release track [GA] for element: [/usr/lib/google-cloud-sdk/lib/surface/resource_manager]
2019-06-04 12:13:50,226 DEBUG    root            Loaded Command Group: [u'gcloud', u'topic']
2019-06-04 12:13:50,229 DEBUG    root            Loaded Command Group: [u'gcloud', u'logging']
2019-06-04 12:13:50,235 DEBUG    root            Loaded Command Group: [u'gcloud', u'builds']
2019-06-04 12:13:50,238 DEBUG    root            Loaded Command Group: [u'gcloud', u'service_management']
2019-06-04 12:13:50,242 DEBUG    root            Loaded Command Group: [u'gcloud', u'dataflow']
2019-06-04 12:13:50,247 DEBUG    root            Loaded Command Group: [u'gcloud', u'ml']
2019-06-04 12:13:50,254 DEBUG    root            No implementation for release track [GA] for element: [/usr/lib/google-cloud-sdk/lib/surface/runtime_config]
2019-06-04 12:13:50,260 DEBUG    root            No implementation for release track [GA] for element: [/usr/lib/google-cloud-sdk/lib/surface/search_help]
2019-06-04 12:13:50,261 DEBUG    root            No implementation for release track [GA] for element: [/usr/lib/google-cloud-sdk/lib/surface/error_reporting]
2019-06-04 12:13:50,262 DEBUG    root            Loaded Command Group: [u'gcloud', u'domains']
2019-06-04 12:13:50,265 DEBUG    root            No implementation for release track [GA] for element: [/usr/lib/google-cloud-sdk/lib/surface/filestore]
2019-06-04 12:13:50,272 DEBUG    root            Loaded Command Group: [u'gcloud', u'docker']
2019-06-04 12:13:50,275 DEBUG    root            Loaded Command Group: [u'gcloud', u'endpoints']
2019-06-04 12:13:50,279 DEBUG    root            Loaded Command Group: [u'gcloud', u'pubsub']
2019-06-04 12:13:50,283 DEBUG    root            Loaded Command Group: [u'gcloud', u'deployment_manager']
2019-06-04 12:13:50,289 ERROR    root            (gcloud) Invalid choice: 'login'. Did you mean 'logging'?
