2019-06-04 12:17:06,295 DEBUG    root            No implementation for release track [GA] for element: [/usr/lib/google-cloud-sdk/lib/surface/tasks]
2019-06-04 12:17:06,299 DEBUG    root            Loaded Command Group: [u'gcloud', u'feedback']
2019-06-04 12:17:06,301 DEBUG    root            Loaded Command Group: [u'gcloud', u'app']
2019-06-04 12:17:06,302 DEBUG    root            No implementation for release track [GA] for element: [/usr/lib/google-cloud-sdk/lib/surface/access_context_manager]
2019-06-04 12:17:06,302 DEBUG    root            Loaded Command Group: [u'gcloud', u'services']
2019-06-04 12:17:06,304 DEBUG    root            Loaded Command Group: [u'gcloud', u'meta']
2019-06-04 12:17:06,305 DEBUG    root            Loaded Command Group: [u'gcloud', u'composer']
2019-06-04 12:17:06,306 DEBUG    root            Loaded Command Group: [u'gcloud', u'datastore']
2019-06-04 12:17:06,307 DEBUG    root            Loaded Command Group: [u'gcloud', u'help']
2019-06-04 12:17:06,308 DEBUG    root            Loaded Command Group: [u'gcloud', u'iam']
2019-06-04 12:17:06,310 DEBUG    root            No implementation for release track [GA] for element: [/usr/lib/google-cloud-sdk/lib/surface/genomics]
2019-06-04 12:17:06,310 DEBUG    root            Loaded Command Group: [u'gcloud', u'functions']
2019-06-04 12:17:06,313 DEBUG    root            Loaded Command Group: [u'gcloud', u'container']
2019-06-04 12:17:06,315 DEBUG    root            No implementation for release track [GA] for element: [/usr/lib/google-cloud-sdk/lib/surface/billing]
2019-06-04 12:17:06,315 DEBUG    root            No implementation for release track [GA] for element: [/usr/lib/google-cloud-sdk/lib/surface/redis]
2019-06-04 12:17:06,315 DEBUG    root            Loaded Command Group: [u'gcloud', u'source']
2019-06-04 12:17:06,319 DEBUG    root            Loaded Command Group: [u'gcloud', u'init']
2019-06-04 12:17:06,320 DEBUG    root            No implementation for release track [GA] for element: [/usr/lib/google-cloud-sdk/lib/surface/dlp]
2019-06-04 12:17:06,320 DEBUG    root            Loaded Command Group: [u'gcloud', u'kms']
2019-06-04 12:17:06,321 DEBUG    root            No implementation for release track [GA] for element: [/usr/lib/google-cloud-sdk/lib/surface/bigtable]
2019-06-04 12:17:06,322 DEBUG    root            Loaded Command Group: [u'gcloud', u'dns']
2019-06-04 12:17:06,323 DEBUG    root            Loaded Command Group: [u'gcloud', u'config']
2019-06-04 12:17:06,325 DEBUG    root            No implementation for release track [GA] for element: [/usr/lib/google-cloud-sdk/lib/surface/resources]
2019-06-04 12:17:06,325 DEBUG    root            No implementation for release track [GA] for element: [/usr/lib/google-cloud-sdk/lib/surface/cloud_shell]
2019-06-04 12:17:06,325 DEBUG    root            Loaded Command Group: [u'gcloud', u'info']
2019-06-04 12:17:06,403 DEBUG    root            No implementation for release track [GA] for element: [/usr/lib/google-cloud-sdk/lib/surface/interactive]
2019-06-04 12:17:06,403 DEBUG    root            Loaded Command Group: [u'gcloud', u'components']
2019-06-04 12:17:06,405 DEBUG    root            Loaded Command Group: [u'gcloud', u'organizations']
2019-06-04 12:17:06,407 DEBUG    root            Loaded Command Group: [u'gcloud', u'dataproc']
2019-06-04 12:17:06,417 DEBUG    root            Loaded Command Group: [u'gcloud', u'ml_engine']
2019-06-04 12:17:06,419 DEBUG    root            Loaded Command Group: [u'gcloud', u'iot']
2019-06-04 12:17:06,422 DEBUG    root            No implementation for release track [GA] for element: [/usr/lib/google-cloud-sdk/lib/surface/emulators]
2019-06-04 12:17:06,422 DEBUG    root            Loaded Command Group: [u'gcloud', u'auth']
2019-06-04 12:17:06,424 DEBUG    root            Loaded Command Group: [u'gcloud', u'debug']
2019-06-04 12:17:06,425 DEBUG    root            Loaded Command Group: [u'gcloud', u'firebase']
2019-06-04 12:17:06,426 DEBUG    root            No implementation for release track [GA] for element: [/usr/lib/google-cloud-sdk/lib/surface/category_manager]
2019-06-04 12:17:06,426 DEBUG    root            No implementation for release track [GA] for element: [/usr/lib/google-cloud-sdk/lib/surface/scheduler]
2019-06-04 12:17:06,427 DEBUG    root            Loaded Command Group: [u'gcloud', u'sql']
2019-06-04 12:17:06,428 DEBUG    root            Loaded Command Group: [u'gcloud', u'spanner']
2019-06-04 12:17:06,429 DEBUG    root            No implementation for release track [GA] for element: [/usr/lib/google-cloud-sdk/lib/surface/monitoring]
2019-06-04 12:17:06,430 DEBUG    root            Loaded Command Group: [u'gcloud', u'version']
2019-06-04 12:17:06,430 DEBUG    root            Loaded Command Group: [u'gcloud', u'projects']
2019-06-04 12:17:06,432 DEBUG    root            No implementation for release track [GA] for element: [/usr/lib/google-cloud-sdk/lib/surface/resource_manager]
2019-06-04 12:17:06,432 DEBUG    root            Loaded Command Group: [u'gcloud', u'topic']
2019-06-04 12:17:06,434 DEBUG    root            Loaded Command Group: [u'gcloud', u'logging']
2019-06-04 12:17:06,435 DEBUG    root            Loaded Command Group: [u'gcloud', u'builds']
2019-06-04 12:17:06,436 DEBUG    root            Loaded Command Group: [u'gcloud', u'service_management']
2019-06-04 12:17:06,437 DEBUG    root            Loaded Command Group: [u'gcloud', u'dataflow']
2019-06-04 12:17:06,439 DEBUG    root            Loaded Command Group: [u'gcloud', u'ml']
2019-06-04 12:17:06,440 DEBUG    root            No implementation for release track [GA] for element: [/usr/lib/google-cloud-sdk/lib/surface/runtime_config]
2019-06-04 12:17:06,441 DEBUG    root            No implementation for release track [GA] for element: [/usr/lib/google-cloud-sdk/lib/surface/search_help]
2019-06-04 12:17:06,441 DEBUG    root            No implementation for release track [GA] for element: [/usr/lib/google-cloud-sdk/lib/surface/error_reporting]
2019-06-04 12:17:06,441 DEBUG    root            Loaded Command Group: [u'gcloud', u'domains']
2019-06-04 12:17:06,442 DEBUG    root            No implementation for release track [GA] for element: [/usr/lib/google-cloud-sdk/lib/surface/filestore]
2019-06-04 12:17:06,444 DEBUG    root            Loaded Command Group: [u'gcloud', u'docker']
2019-06-04 12:17:06,446 DEBUG    root            Loaded Command Group: [u'gcloud', u'endpoints']
2019-06-04 12:17:06,447 DEBUG    root            Loaded Command Group: [u'gcloud', u'pubsub']
2019-06-04 12:17:06,448 DEBUG    root            Loaded Command Group: [u'gcloud', u'deployment_manager']
2019-06-04 12:17:06,450 ERROR    root            (gcloud) Invalid choice: 'augh'. Did you mean 'auth'?
