2019-06-04 12:15:17,345 DEBUG    root            No implementation for release track [GA] for element: [/usr/lib/google-cloud-sdk/lib/surface/tasks]
2019-06-04 12:15:17,346 DEBUG    root            Loaded Command Group: [u'gcloud', u'feedback']
2019-06-04 12:15:17,347 DEBUG    root            Loaded Command Group: [u'gcloud', u'app']
2019-06-04 12:15:17,349 DEBUG    root            No implementation for release track [GA] for element: [/usr/lib/google-cloud-sdk/lib/surface/access_context_manager]
2019-06-04 12:15:17,349 DEBUG    root            Loaded Command Group: [u'gcloud', u'services']
2019-06-04 12:15:17,350 DEBUG    root            Loaded Command Group: [u'gcloud', u'meta']
2019-06-04 12:15:17,351 DEBUG    root            Loaded Command Group: [u'gcloud', u'composer']
2019-06-04 12:15:17,352 DEBUG    root            Loaded Command Group: [u'gcloud', u'datastore']
2019-06-04 12:15:17,354 DEBUG    root            Loaded Command Group: [u'gcloud', u'help']
2019-06-04 12:15:17,354 DEBUG    root            Loaded Command Group: [u'gcloud', u'iam']
2019-06-04 12:15:17,356 DEBUG    root            No implementation for release track [GA] for element: [/usr/lib/google-cloud-sdk/lib/surface/genomics]
2019-06-04 12:15:17,356 DEBUG    root            Loaded Command Group: [u'gcloud', u'functions']
2019-06-04 12:15:17,359 DEBUG    root            Loaded Command Group: [u'gcloud', u'container']
2019-06-04 12:15:17,360 DEBUG    root            No implementation for release track [GA] for element: [/usr/lib/google-cloud-sdk/lib/surface/billing]
2019-06-04 12:15:17,361 DEBUG    root            No implementation for release track [GA] for element: [/usr/lib/google-cloud-sdk/lib/surface/redis]
2019-06-04 12:15:17,361 DEBUG    root            Loaded Command Group: [u'gcloud', u'source']
2019-06-04 12:15:17,364 DEBUG    root            Loaded Command Group: [u'gcloud', u'init']
2019-06-04 12:15:17,365 DEBUG    root            No implementation for release track [GA] for element: [/usr/lib/google-cloud-sdk/lib/surface/dlp]
2019-06-04 12:15:17,365 DEBUG    root            Loaded Command Group: [u'gcloud', u'kms']
2019-06-04 12:15:17,366 DEBUG    root            No implementation for release track [GA] for element: [/usr/lib/google-cloud-sdk/lib/surface/bigtable]
2019-06-04 12:15:17,367 DEBUG    root            Loaded Command Group: [u'gcloud', u'dns']
2019-06-04 12:15:17,368 DEBUG    root            Loaded Command Group: [u'gcloud', u'config']
2019-06-04 12:15:17,369 DEBUG    root            No implementation for release track [GA] for element: [/usr/lib/google-cloud-sdk/lib/surface/resources]
2019-06-04 12:15:17,370 DEBUG    root            No implementation for release track [GA] for element: [/usr/lib/google-cloud-sdk/lib/surface/cloud_shell]
2019-06-04 12:15:17,370 DEBUG    root            Loaded Command Group: [u'gcloud', u'info']
2019-06-04 12:15:17,429 DEBUG    root            No implementation for release track [GA] for element: [/usr/lib/google-cloud-sdk/lib/surface/interactive]
2019-06-04 12:15:17,429 DEBUG    root            Loaded Command Group: [u'gcloud', u'components']
2019-06-04 12:15:17,431 DEBUG    root            Loaded Command Group: [u'gcloud', u'organizations']
2019-06-04 12:15:17,432 DEBUG    root            Loaded Command Group: [u'gcloud', u'dataproc']
2019-06-04 12:15:17,441 DEBUG    root            Loaded Command Group: [u'gcloud', u'ml_engine']
2019-06-04 12:15:17,442 DEBUG    root            Loaded Command Group: [u'gcloud', u'iot']
2019-06-04 12:15:17,445 DEBUG    root            No implementation for release track [GA] for element: [/usr/lib/google-cloud-sdk/lib/surface/emulators]
2019-06-04 12:15:17,445 DEBUG    root            Loaded Command Group: [u'gcloud', u'auth']
2019-06-04 12:15:17,446 DEBUG    root            Loaded Command Group: [u'gcloud', u'debug']
2019-06-04 12:15:17,448 DEBUG    root            Loaded Command Group: [u'gcloud', u'firebase']
2019-06-04 12:15:17,449 DEBUG    root            No implementation for release track [GA] for element: [/usr/lib/google-cloud-sdk/lib/surface/category_manager]
2019-06-04 12:15:17,449 DEBUG    root            No implementation for release track [GA] for element: [/usr/lib/google-cloud-sdk/lib/surface/scheduler]
2019-06-04 12:15:17,449 DEBUG    root            Loaded Command Group: [u'gcloud', u'sql']
2019-06-04 12:15:17,450 DEBUG    root            Loaded Command Group: [u'gcloud', u'spanner']
2019-06-04 12:15:17,451 DEBUG    root            No implementation for release track [GA] for element: [/usr/lib/google-cloud-sdk/lib/surface/monitoring]
2019-06-04 12:15:17,452 DEBUG    root            Loaded Command Group: [u'gcloud', u'version']
2019-06-04 12:15:17,453 DEBUG    root            Loaded Command Group: [u'gcloud', u'projects']
2019-06-04 12:15:17,454 DEBUG    root            No implementation for release track [GA] for element: [/usr/lib/google-cloud-sdk/lib/surface/resource_manager]
2019-06-04 12:15:17,454 DEBUG    root            Loaded Command Group: [u'gcloud', u'topic']
2019-06-04 12:15:17,456 DEBUG    root            Loaded Command Group: [u'gcloud', u'logging']
2019-06-04 12:15:17,457 DEBUG    root            Loaded Command Group: [u'gcloud', u'builds']
2019-06-04 12:15:17,458 DEBUG    root            Loaded Command Group: [u'gcloud', u'service_management']
2019-06-04 12:15:17,459 DEBUG    root            Loaded Command Group: [u'gcloud', u'dataflow']
2019-06-04 12:15:17,460 DEBUG    root            Loaded Command Group: [u'gcloud', u'ml']
2019-06-04 12:15:17,461 DEBUG    root            No implementation for release track [GA] for element: [/usr/lib/google-cloud-sdk/lib/surface/runtime_config]
2019-06-04 12:15:17,462 DEBUG    root            No implementation for release track [GA] for element: [/usr/lib/google-cloud-sdk/lib/surface/search_help]
2019-06-04 12:15:17,462 DEBUG    root            No implementation for release track [GA] for element: [/usr/lib/google-cloud-sdk/lib/surface/error_reporting]
2019-06-04 12:15:17,463 DEBUG    root            Loaded Command Group: [u'gcloud', u'domains']
2019-06-04 12:15:17,464 DEBUG    root            No implementation for release track [GA] for element: [/usr/lib/google-cloud-sdk/lib/surface/filestore]
2019-06-04 12:15:17,465 DEBUG    root            Loaded Command Group: [u'gcloud', u'docker']
2019-06-04 12:15:17,467 DEBUG    root            Loaded Command Group: [u'gcloud', u'endpoints']
2019-06-04 12:15:17,468 DEBUG    root            Loaded Command Group: [u'gcloud', u'pubsub']
2019-06-04 12:15:17,469 DEBUG    root            Loaded Command Group: [u'gcloud', u'deployment_manager']
2019-06-04 12:15:17,471 ERROR    root            (gcloud) Invalid choice: 'account'.
