2019-06-05 13:28:12,156 DEBUG    root            Loaded Command Group: [u'gcloud', u'config']
2019-06-05 13:28:12,158 DEBUG    root            Loaded Command Group: [u'gcloud', u'config', u'config_helper']
2019-06-05 13:28:12,160 DEBUG    root            Running [gcloud.config.config-helper] with arguments: [--format: "json"]
2019-06-05 13:28:12,171 INFO     root            Display format: "default json"
2019-06-05 13:28:12,172 INFO     ___FILE_ONLY___ {
  "configuration": {
    "active_configuration": "default",
    "properties": {
      "core": {
        "account": "smellmcguy@googlemail.com",
        "disable_usage_reporting": "True",
        "project": "projectalpha-242610"
      }
    }
  },
  "credential": {
    "access_token": "ya29.GlwfB19OrJeef98MaNHcHD5Fpio1zBGr6Q3EGGHlH-jwgD2K2FsdX4SDTGnEF1EjGmw22mspjAPTqsX3op9n63x8igXmL-6GjQ6APY-M3tdmCSMbNvQR7m2-Nx5iuQ",
    "token_expiry": "2019-06-05T14:28:09Z"
  },
  "sentinels": {
    "config_sentinel": "/home/smellmcguy/.config/gcloud/config_sentinel"
  }
}
2019-06-05 13:28:12,172 INFO     ___FILE_ONLY___ 

2019-06-05 13:28:12,177 DEBUG    root            SDK update checks are disabled.
